
log 2023-09-08 08:06:58
"Folding started."

log 2023-09-08 08:06:58
"Fold 1 started."

log 2023-09-08 08:07:17
"Fold 1 train test splitted."

log 2023-09-08 08:07:17
"Fold 1 is done."

log 2023-09-08 08:07:17
"Fold 2 started."

log 2023-09-08 08:07:47
"Fold 2 train test splitted."

log 2023-09-08 08:07:47
"Fold 2 is done."

log 2023-09-08 08:07:47
"Fold 3 started."

log 2023-09-08 08:08:24
"Fold 3 train test splitted."

log 2023-09-08 08:08:24
"Fold 3 is done."

log 2023-09-08 08:08:24
"Fold 4 started."

log 2023-09-08 08:08:50
"Fold 4 train test splitted."

log 2023-09-08 08:08:50
"Fold 4 is done."

log 2023-09-08 08:08:50
"Fold 5 started."

log 2023-09-08 08:09:39
"Fold 5 train test splitted."

log 2023-09-08 08:09:39
"Fold 5 is done."

log 2023-09-08 08:09:39
"Fold 6 started."

log 2023-09-08 08:11:27
"Fold 6 train test splitted."

log 2023-09-08 08:11:27
"Fold 6 is done."
